Mensaje I / 00:00:00:000 / Root(00) para top(01)
Mensaje I / 00:00:00:000 / top(01) para bpm(02)
Mensaje D / 00:00:00:000 / bpm(02) / ... para top(01)
Mensaje D / 00:00:00:000 / top(01) / ... para Root(00)
Mensaje X / 00:00:10:000 / Root(00) / vpn /      1.00000 para top(01)
Mensaje X / 00:00:10:000 / top(01) / vpn_in /      1.00000 para bpm(02)
Mensaje D / 00:00:10:000 / bpm(02) / 00:00:03:975 para top(01)
Mensaje D / 00:00:10:000 / top(01) / 00:00:03:975 para Root(00)
Mensaje * / 00:00:13:975 / Root(00) para top(01)
Mensaje * / 00:00:13:975 / top(01) para bpm(02)
Mensaje Y / 00:00:13:975 / bpm(02) / vba_out /   1150.00000 para top(01)
Mensaje D / 00:00:13:975 / bpm(02) / ... para top(01)
Mensaje Y / 00:00:13:975 / top(01) / vba /   1150.00000 para Root(00)
Mensaje D / 00:00:13:975 / top(01) / ... para Root(00)
Mensaje X / 00:00:20:000 / Root(00) / iba /      1.00000 para top(01)
Mensaje X / 00:00:20:000 / top(01) / iba_in /      1.00000 para bpm(02)
Mensaje D / 00:00:20:000 / bpm(02) / 00:00:01:592 para top(01)
Mensaje D / 00:00:20:000 / top(01) / 00:00:01:592 para Root(00)
Mensaje * / 00:00:21:592 / Root(00) para top(01)
Mensaje * / 00:00:21:592 / top(01) para bpm(02)
Mensaje Y / 00:00:21:592 / bpm(02) / vba_out /    215.00000 para top(01)
Mensaje D / 00:00:21:592 / bpm(02) / ... para top(01)
Mensaje Y / 00:00:21:592 / top(01) / vba /    215.00000 para Root(00)
Mensaje D / 00:00:21:592 / top(01) / ... para Root(00)
Mensaje X / 00:00:30:000 / Root(00) / vpn /      1.00000 para top(01)
Mensaje X / 00:00:30:000 / top(01) / vpn_in /      1.00000 para bpm(02)
Mensaje D / 00:00:30:000 / bpm(02) / 00:00:01:915 para top(01)
Mensaje D / 00:00:30:000 / top(01) / 00:00:01:915 para Root(00)
Mensaje * / 00:00:31:915 / Root(00) para top(01)
Mensaje * / 00:00:31:915 / top(01) para bpm(02)
Mensaje Y / 00:00:31:915 / bpm(02) / vba_out /   2027.00000 para top(01)
Mensaje D / 00:00:31:915 / bpm(02) / ... para top(01)
Mensaje Y / 00:00:31:915 / top(01) / vba /   2027.00000 para Root(00)
Mensaje D / 00:00:31:915 / top(01) / ... para Root(00)
Mensaje X / 00:00:40:000 / Root(00) / vpn /      1.00000 para top(01)
Mensaje X / 00:00:40:000 / top(01) / vpn_in /      1.00000 para bpm(02)
Mensaje D / 00:00:40:000 / bpm(02) / 00:00:04:070 para top(01)
Mensaje D / 00:00:40:000 / top(01) / 00:00:04:070 para Root(00)
Mensaje * / 00:00:44:070 / Root(00) para top(01)
Mensaje * / 00:00:44:070 / top(01) para bpm(02)
Mensaje Y / 00:00:44:070 / bpm(02) / vba_out /   2894.00000 para top(01)
Mensaje D / 00:00:44:070 / bpm(02) / ... para top(01)
Mensaje Y / 00:00:44:070 / top(01) / vba /   2894.00000 para Root(00)
Mensaje D / 00:00:44:070 / top(01) / ... para Root(00)
Mensaje X / 00:00:50:000 / Root(00) / vpn /      1.00000 para top(01)
Mensaje X / 00:00:50:000 / top(01) / vpn_in /      1.00000 para bpm(02)
Mensaje D / 00:00:50:000 / bpm(02) / 00:00:02:365 para top(01)
Mensaje D / 00:00:50:000 / top(01) / 00:00:02:365 para Root(00)
Mensaje * / 00:00:52:365 / Root(00) para top(01)
Mensaje * / 00:00:52:365 / top(01) para bpm(02)
Mensaje Y / 00:00:52:365 / bpm(02) / iba_out /      1.00000 para top(01)
Mensaje D / 00:00:52:365 / bpm(02) / ... para top(01)
Mensaje X / 00:00:52:365 / top(01) / iba /      1.00000 para top(01)
Mensaje X / 00:00:52:365 / top(01) / iba_in /      1.00000 para bpm(02)
Mensaje D / 00:00:52:365 / bpm(02) / 00:00:04:321 para top(01)
