Mensaje I / 00:00:00:000 / Root(00) para top(01)
Mensaje I / 00:00:00:000 / top(01) para bpm(02)
Mensaje D / 00:00:00:000 / bpm(02) / ... para top(01)
Mensaje D / 00:00:00:000 / top(01) / ... para Root(00)
Mensaje X / 00:00:10:000 / Root(00) / vpn /      1.00000 para top(01)
Mensaje X / 00:00:10:000 / top(01) / vpn_in /      1.00000 para bpm(02)
Mensaje D / 00:00:10:000 / bpm(02) / 00:00:03:975 para top(01)
Mensaje D / 00:00:10:000 / top(01) / 00:00:03:975 para Root(00)
Mensaje * / 00:00:13:975 / Root(00) para top(01)
Mensaje * / 00:00:13:975 / top(01) para bpm(02)
Mensaje Y / 00:00:13:975 / bpm(02) / vba_out /   1237.00000 para top(01)
Mensaje D / 00:00:13:975 / bpm(02) / ... para top(01)
Mensaje Y / 00:00:13:975 / top(01) / vba /   1237.00000 para Root(00)
Mensaje D / 00:00:13:975 / top(01) / ... para Root(00)
Mensaje X / 00:00:20:000 / Root(00) / iba /      1.00000 para top(01)
Mensaje X / 00:00:20:000 / top(01) / iba_in /      1.00000 para bpm(02)
Mensaje D / 00:00:20:000 / bpm(02) / 00:00:01:592 para top(01)
Mensaje D / 00:00:20:000 / top(01) / 00:00:01:592 para Root(00)
Mensaje * / 00:00:21:592 / Root(00) para top(01)
Mensaje * / 00:00:21:592 / top(01) para bpm(02)
Mensaje Y / 00:00:21:592 / bpm(02) / iba_out /      1.00000 para top(01)
Mensaje D / 00:00:21:592 / bpm(02) / ... para top(01)
Mensaje X / 00:00:21:592 / top(01) / iba /      1.00000 para top(01)
Mensaje X / 00:00:21:592 / top(01) / iba_in /      1.00000 para bpm(02)
Mensaje D / 00:00:21:592 / bpm(02) / 00:00:01:915 para top(01)
