Mensaje I / 00:00:00:000 / Root(00) para top(01)
Mensaje I / 00:00:00:000 / top(01) para aam(02)
Mensaje D / 00:00:00:000 / aam(02) / ... para top(01)
Mensaje D / 00:00:00:000 / top(01) / ... para Root(00)
Mensaje X / 00:00:10:000 / Root(00) / login_in /      1.00000 para top(01)
Mensaje X / 00:00:10:000 / top(01) / login /      1.00000 para aam(02)
Mensaje D / 00:00:10:000 / aam(02) / 00:00:03:975 para top(01)
Mensaje D / 00:00:10:000 / top(01) / 00:00:03:975 para Root(00)
Mensaje * / 00:00:13:975 / Root(00) para top(01)
Mensaje * / 00:00:13:975 / top(01) para aam(02)
Mensaje Y / 00:00:13:975 / aam(02) / van / 470632.00000 para top(01)
Mensaje D / 00:00:13:975 / aam(02) / ... para top(01)
Mensaje Y / 00:00:13:975 / top(01) / van_out / 470632.00000 para Root(00)
Mensaje D / 00:00:13:975 / top(01) / ... para Root(00)
Mensaje X / 00:00:20:000 / Root(00) / login_in /      1.00000 para top(01)
Mensaje X / 00:00:20:000 / top(01) / login /      1.00000 para aam(02)
Mensaje D / 00:00:20:000 / aam(02) / ... para top(01)
Mensaje D / 00:00:20:000 / top(01) / ... para Root(00)
Mensaje X / 00:00:30:000 / Root(00) / login_in /      1.00000 para top(01)
Mensaje X / 00:00:30:000 / top(01) / login /      1.00000 para aam(02)
Mensaje D / 00:00:30:000 / aam(02) / ... para top(01)
Mensaje D / 00:00:30:000 / top(01) / ... para Root(00)
Mensaje X / 00:00:40:000 / Root(00) / login_in /      1.00000 para top(01)
Mensaje X / 00:00:40:000 / top(01) / login /      1.00000 para aam(02)
Mensaje D / 00:00:40:000 / aam(02) / ... para top(01)
Mensaje D / 00:00:40:000 / top(01) / ... para Root(00)
Mensaje X / 00:00:50:000 / Root(00) / login_in /      1.00000 para top(01)
Mensaje X / 00:00:50:000 / top(01) / login /      1.00000 para aam(02)
Mensaje D / 00:00:50:000 / aam(02) / ... para top(01)
Mensaje D / 00:00:50:000 / top(01) / ... para Root(00)
Mensaje X / 00:01:00:000 / Root(00) / ian_in /      1.00000 para top(01)
Mensaje X / 00:01:00:000 / top(01) / ian /      1.00000 para aam(02)
Mensaje D / 00:01:00:000 / aam(02) / 00:00:01:592 para top(01)
Mensaje D / 00:01:00:000 / top(01) / 00:00:01:592 para Root(00)
Mensaje * / 00:01:01:592 / Root(00) para top(01)
Mensaje * / 00:01:01:592 / top(01) para aam(02)
Mensaje Y / 00:01:01:592 / aam(02) / logout /      1.00000 para top(01)
Mensaje D / 00:01:01:592 / aam(02) / ... para top(01)
Mensaje Y / 00:01:01:592 / top(01) / logout_out /      1.00000 para Root(00)
Mensaje D / 00:01:01:592 / top(01) / ... para Root(00)
Mensaje X / 00:01:10:000 / Root(00) / login_in /      1.00000 para top(01)
Mensaje X / 00:01:10:000 / top(01) / login /      1.00000 para aam(02)
Mensaje D / 00:01:10:000 / aam(02) / 00:00:01:915 para top(01)
Mensaje D / 00:01:10:000 / top(01) / 00:00:01:915 para Root(00)
Mensaje * / 00:01:11:915 / Root(00) para top(01)
Mensaje * / 00:01:11:915 / top(01) para aam(02)
Mensaje Y / 00:01:11:915 / aam(02) / van / 221397.00000 para top(01)
Mensaje D / 00:01:11:915 / aam(02) / ... para top(01)
Mensaje Y / 00:01:11:915 / top(01) / van_out / 221397.00000 para Root(00)
Mensaje D / 00:01:11:915 / top(01) / ... para Root(00)
Mensaje X / 00:01:20:000 / Root(00) / ian_in /      1.00000 para top(01)
Mensaje X / 00:01:20:000 / top(01) / ian /      1.00000 para aam(02)
Mensaje D / 00:01:20:000 / aam(02) / 00:00:04:070 para top(01)
Mensaje D / 00:01:20:000 / top(01) / 00:00:04:070 para Root(00)
Mensaje * / 00:01:24:070 / Root(00) para top(01)
Mensaje * / 00:01:24:070 / top(01) para aam(02)
Mensaje Y / 00:01:24:070 / aam(02) / logout /      1.00000 para top(01)
Mensaje D / 00:01:24:070 / aam(02) / ... para top(01)
Mensaje Y / 00:01:24:070 / top(01) / logout_out /      1.00000 para Root(00)
Mensaje D / 00:01:24:070 / top(01) / ... para Root(00)
Mensaje X / 00:01:30:000 / Root(00) / ian_in /      1.00000 para top(01)
Mensaje X / 00:01:30:000 / top(01) / ian /      1.00000 para aam(02)
Mensaje D / 00:01:30:000 / aam(02) / ... para top(01)
Mensaje D / 00:01:30:000 / top(01) / ... para Root(00)
