Mensaje I / 00:00:00:000 / Root(00) para top(01)
Mensaje I / 00:00:00:000 / top(01) para bpm(02)
Mensaje I / 00:00:00:000 / top(01) para pv(03)
Mensaje I / 00:00:00:000 / top(01) para anv(04)
Mensaje D / 00:00:00:000 / bpm(02) / ... para top(01)
Mensaje D / 00:00:00:000 / pv(03) / ... para top(01)
Mensaje D / 00:00:00:000 / anv(04) / ... para top(01)
Mensaje D / 00:00:00:000 / top(01) / ... para Root(00)
Mensaje X / 00:00:10:000 / Root(00) / an / 100001.00000 para top(01)
Mensaje X / 00:00:10:000 / top(01) / accountnumber_in / 100001.00000 para anv(04)
Mensaje D / 00:00:10:000 / anv(04) / 00:00:03:975 para top(01)
Mensaje D / 00:00:10:000 / top(01) / 00:00:03:975 para Root(00)
Mensaje * / 00:00:13:975 / Root(00) para top(01)
Mensaje * / 00:00:13:975 / top(01) para anv(04)
Mensaje Y / 00:00:13:975 / anv(04) / validaccountnumber_out /      1.00000 para top(01)
Mensaje D / 00:00:13:975 / anv(04) / ... para top(01)
Mensaje X / 00:00:13:975 / top(01) / van_in /      1.00000 para pv(03)
Mensaje D / 00:00:13:975 / pv(03) / 00:00:01:592 para top(01)
Mensaje D / 00:00:13:975 / top(01) / 00:00:01:592 para Root(00)
Mensaje * / 00:00:15:567 / Root(00) para top(01)
Mensaje * / 00:00:15:567 / top(01) para pv(03)
Mensaje Y / 00:00:15:567 / pv(03) / vpn_out /      1.00000 para top(01)
Mensaje D / 00:00:15:567 / pv(03) / ... para top(01)
Mensaje X / 00:00:15:567 / top(01) / vpn_in /      1.00000 para bpm(02)
Mensaje D / 00:00:15:567 / bpm(02) / 00:00:01:915 para top(01)
Mensaje D / 00:00:15:567 / top(01) / 00:00:01:915 para Root(00)
Mensaje * / 00:00:17:482 / Root(00) para top(01)
Mensaje * / 00:00:17:482 / top(01) para bpm(02)
Mensaje Y / 00:00:17:482 / bpm(02) / vba_out /   1284.00000 para top(01)
Mensaje D / 00:00:17:482 / bpm(02) / ... para top(01)
Mensaje Y / 00:00:17:482 / top(01) / ba /   1284.00000 para Root(00)
Mensaje D / 00:00:17:482 / top(01) / ... para Root(00)
Mensaje X / 00:00:20:000 / Root(00) / an /  12345.00000 para top(01)
Mensaje X / 00:00:20:000 / top(01) / accountnumber_in /  12345.00000 para anv(04)
Mensaje D / 00:00:20:000 / anv(04) / 00:00:04:070 para top(01)
Mensaje D / 00:00:20:000 / top(01) / 00:00:04:070 para Root(00)
Mensaje * / 00:00:24:070 / Root(00) para top(01)
Mensaje * / 00:00:24:070 / top(01) para anv(04)
Mensaje Y / 00:00:24:070 / anv(04) / logout_out /      1.00000 para top(01)
Mensaje D / 00:00:24:070 / anv(04) / ... para top(01)
Mensaje Y / 00:00:24:070 / top(01) / logout /      1.00000 para Root(00)
Mensaje D / 00:00:24:070 / top(01) / ... para Root(00)
Mensaje X / 00:00:30:000 / Root(00) / an /  23434.00000 para top(01)
Mensaje X / 00:00:30:000 / top(01) / accountnumber_in /  23434.00000 para anv(04)
Mensaje D / 00:00:30:000 / anv(04) / 00:00:02:365 para top(01)
Mensaje D / 00:00:30:000 / top(01) / 00:00:02:365 para Root(00)
Mensaje * / 00:00:32:365 / Root(00) para top(01)
Mensaje * / 00:00:32:365 / top(01) para anv(04)
Mensaje Y / 00:00:32:365 / anv(04) / logout_out /      1.00000 para top(01)
Mensaje D / 00:00:32:365 / anv(04) / ... para top(01)
Mensaje Y / 00:00:32:365 / top(01) / logout /      1.00000 para Root(00)
Mensaje D / 00:00:32:365 / top(01) / ... para Root(00)
Mensaje X / 00:00:40:000 / Root(00) / an / 343434.00000 para top(01)
Mensaje X / 00:00:40:000 / top(01) / accountnumber_in / 343434.00000 para anv(04)
Mensaje D / 00:00:40:000 / anv(04) / 00:00:04:321 para top(01)
Mensaje D / 00:00:40:000 / top(01) / 00:00:04:321 para Root(00)
Mensaje * / 00:00:44:321 / Root(00) para top(01)
Mensaje * / 00:00:44:321 / top(01) para anv(04)
Mensaje Y / 00:00:44:321 / anv(04) / logout_out /      1.00000 para top(01)
Mensaje D / 00:00:44:321 / anv(04) / ... para top(01)
Mensaje Y / 00:00:44:321 / top(01) / logout /      1.00000 para Root(00)
Mensaje D / 00:00:44:321 / top(01) / ... para Root(00)
Mensaje X / 00:00:50:000 / Root(00) / an / 243434.00000 para top(01)
Mensaje X / 00:00:50:000 / top(01) / accountnumber_in / 243434.00000 para anv(04)
Mensaje D / 00:00:50:000 / anv(04) / 00:00:05:699 para top(01)
Mensaje D / 00:00:50:000 / top(01) / 00:00:05:699 para Root(00)
Mensaje * / 00:00:55:699 / Root(00) para top(01)
Mensaje * / 00:00:55:699 / top(01) para anv(04)
Mensaje Y / 00:00:55:699 / anv(04) / logout_out /      1.00000 para top(01)
Mensaje D / 00:00:55:699 / anv(04) / ... para top(01)
Mensaje Y / 00:00:55:699 / top(01) / logout /      1.00000 para Root(00)
Mensaje D / 00:00:55:699 / top(01) / ... para Root(00)
Mensaje X / 00:01:00:000 / Root(00) / an / 111333.00000 para top(01)
Mensaje X / 00:01:00:000 / top(01) / accountnumber_in / 111333.00000 para anv(04)
Mensaje D / 00:01:00:000 / anv(04) / 00:00:05:310 para top(01)
Mensaje D / 00:01:00:000 / top(01) / 00:00:05:310 para Root(00)
Mensaje * / 00:01:05:310 / Root(00) para top(01)
Mensaje * / 00:01:05:310 / top(01) para anv(04)
Mensaje Y / 00:01:05:310 / anv(04) / logout_out /      1.00000 para top(01)
Mensaje D / 00:01:05:310 / anv(04) / ... para top(01)
Mensaje Y / 00:01:05:310 / top(01) / logout /      1.00000 para Root(00)
Mensaje D / 00:01:05:310 / top(01) / ... para Root(00)
Mensaje X / 00:01:10:000 / Root(00) / an /  22224.00000 para top(01)
Mensaje X / 00:01:10:000 / top(01) / accountnumber_in /  22224.00000 para anv(04)
Mensaje D / 00:01:10:000 / anv(04) / 00:00:04:892 para top(01)
Mensaje D / 00:01:10:000 / top(01) / 00:00:04:892 para Root(00)
Mensaje * / 00:01:14:892 / Root(00) para top(01)
Mensaje * / 00:01:14:892 / top(01) para anv(04)
Mensaje Y / 00:01:14:892 / anv(04) / validaccountnumber_out /      1.00000 para top(01)
Mensaje D / 00:01:14:892 / anv(04) / ... para top(01)
Mensaje X / 00:01:14:892 / top(01) / van_in /      1.00000 para pv(03)
Mensaje D / 00:01:14:892 / pv(03) / 00:00:03:661 para top(01)
Mensaje D / 00:01:14:892 / top(01) / 00:00:03:661 para Root(00)
Mensaje * / 00:01:18:553 / Root(00) para top(01)
Mensaje * / 00:01:18:553 / top(01) para pv(03)
Mensaje Y / 00:01:18:553 / pv(03) / ivpn_out /      1.00000 para top(01)
Mensaje D / 00:01:18:553 / pv(03) / ... para top(01)
Mensaje X / 00:01:18:553 / top(01) / ivpn_in /      1.00000 para pv(03)
Mensaje D / 00:01:18:553 / pv(03) / 00:00:02:801 para top(01)
Mensaje D / 00:01:18:553 / top(01) / 00:00:02:801 para Root(00)
Mensaje X / 00:01:20:000 / Root(00) / an /  76543.00000 para top(01)
Mensaje X / 00:01:20:000 / top(01) / accountnumber_in /  76543.00000 para anv(04)
Mensaje D / 00:01:20:000 / anv(04) / 00:00:05:374 para top(01)
Mensaje D / 00:01:20:000 / top(01) / 00:00:01:354 para Root(00)
Mensaje * / 00:01:21:354 / Root(00) para top(01)
Mensaje * / 00:01:21:354 / top(01) para pv(03)
Mensaje Y / 00:01:21:354 / pv(03) / vpn_out /      1.00000 para top(01)
Mensaje D / 00:01:21:354 / pv(03) / ... para top(01)
Mensaje X / 00:01:21:354 / top(01) / vpn_in /      1.00000 para bpm(02)
Mensaje D / 00:01:21:354 / bpm(02) / 00:00:00:110 para top(01)
Mensaje D / 00:01:21:354 / top(01) / 00:00:00:110 para Root(00)
Mensaje * / 00:01:21:464 / Root(00) para top(01)
Mensaje * / 00:01:21:464 / top(01) para bpm(02)
Mensaje Y / 00:01:21:464 / bpm(02) / vba_out /   2489.00000 para top(01)
Mensaje D / 00:01:21:464 / bpm(02) / ... para top(01)
Mensaje Y / 00:01:21:464 / top(01) / ba /   2489.00000 para Root(00)
Mensaje D / 00:01:21:464 / top(01) / 00:00:03:910 para Root(00)
Mensaje * / 00:01:25:374 / Root(00) para top(01)
Mensaje * / 00:01:25:374 / top(01) para anv(04)
Mensaje Y / 00:01:25:374 / anv(04) / logout_out /      1.00000 para top(01)
Mensaje D / 00:01:25:374 / anv(04) / ... para top(01)
Mensaje Y / 00:01:25:374 / top(01) / logout /      1.00000 para Root(00)
Mensaje D / 00:01:25:374 / top(01) / ... para Root(00)
Mensaje X / 00:01:30:000 / Root(00) / an /  85432.00000 para top(01)
Mensaje X / 00:01:30:000 / top(01) / accountnumber_in /  85432.00000 para anv(04)
Mensaje D / 00:01:30:000 / anv(04) / 00:00:05:356 para top(01)
Mensaje D / 00:01:30:000 / top(01) / 00:00:05:356 para Root(00)
Mensaje * / 00:01:35:356 / Root(00) para top(01)
Mensaje * / 00:01:35:356 / top(01) para anv(04)
Mensaje Y / 00:01:35:356 / anv(04) / logout_out /      1.00000 para top(01)
Mensaje D / 00:01:35:356 / anv(04) / ... para top(01)
Mensaje Y / 00:01:35:356 / top(01) / logout /      1.00000 para Root(00)
Mensaje D / 00:01:35:356 / top(01) / ... para Root(00)
Mensaje X / 00:01:40:000 / Root(00) / an /  88932.00000 para top(01)
Mensaje X / 00:01:40:000 / top(01) / accountnumber_in /  88932.00000 para anv(04)
Mensaje D / 00:01:40:000 / anv(04) / 00:00:05:359 para top(01)
Mensaje D / 00:01:40:000 / top(01) / 00:00:05:359 para Root(00)
Mensaje * / 00:01:45:359 / Root(00) para top(01)
Mensaje * / 00:01:45:359 / top(01) para anv(04)
Mensaje Y / 00:01:45:359 / anv(04) / logout_out /      1.00000 para top(01)
Mensaje D / 00:01:45:359 / anv(04) / ... para top(01)
Mensaje Y / 00:01:45:359 / top(01) / logout /      1.00000 para Root(00)
Mensaje D / 00:01:45:359 / top(01) / ... para Root(00)
Mensaje X / 00:01:50:000 / Root(00) / an / 111123.00000 para top(01)
Mensaje X / 00:01:50:000 / top(01) / accountnumber_in / 111123.00000 para anv(04)
Mensaje D / 00:01:50:000 / anv(04) / 00:00:07:519 para top(01)
Mensaje D / 00:01:50:000 / top(01) / 00:00:07:519 para Root(00)
Mensaje * / 00:01:57:519 / Root(00) para top(01)
Mensaje * / 00:01:57:519 / top(01) para anv(04)
Mensaje Y / 00:01:57:519 / anv(04) / logout_out /      1.00000 para top(01)
Mensaje D / 00:01:57:519 / anv(04) / ... para top(01)
Mensaje Y / 00:01:57:519 / top(01) / logout /      1.00000 para Root(00)
Mensaje D / 00:01:57:519 / top(01) / ... para Root(00)
Mensaje X / 00:02:00:000 / Root(00) / an /  54545.00000 para top(01)
Mensaje X / 00:02:00:000 / top(01) / accountnumber_in /  54545.00000 para anv(04)
Mensaje D / 00:02:00:000 / anv(04) / 00:00:04:168 para top(01)
Mensaje D / 00:02:00:000 / top(01) / 00:00:04:168 para Root(00)
Mensaje * / 00:02:04:168 / Root(00) para top(01)
Mensaje * / 00:02:04:168 / top(01) para anv(04)
Mensaje Y / 00:02:04:168 / anv(04) / validaccountnumber_out /      1.00000 para top(01)
Mensaje D / 00:02:04:168 / anv(04) / ... para top(01)
Mensaje X / 00:02:04:168 / top(01) / van_in /      1.00000 para pv(03)
Mensaje D / 00:02:04:168 / pv(03) / 00:00:03:066 para top(01)
Mensaje D / 00:02:04:168 / top(01) / 00:00:03:066 para Root(00)
Mensaje * / 00:02:07:234 / Root(00) para top(01)
Mensaje * / 00:02:07:234 / top(01) para pv(03)
Mensaje Y / 00:02:07:234 / pv(03) / ivpn_out /      1.00000 para top(01)
Mensaje D / 00:02:07:234 / pv(03) / ... para top(01)
Mensaje X / 00:02:07:234 / top(01) / ivpn_in /      1.00000 para pv(03)
Mensaje D / 00:02:07:234 / pv(03) / 00:00:01:408 para top(01)
Mensaje D / 00:02:07:234 / top(01) / 00:00:01:408 para Root(00)
Mensaje * / 00:02:08:642 / Root(00) para top(01)
Mensaje * / 00:02:08:642 / top(01) para pv(03)
Mensaje Y / 00:02:08:642 / pv(03) / vpn_out /      1.00000 para top(01)
Mensaje D / 00:02:08:642 / pv(03) / ... para top(01)
Mensaje X / 00:02:08:642 / top(01) / vpn_in /      1.00000 para bpm(02)
Mensaje D / 00:02:08:642 / bpm(02) / 00:00:02:838 para top(01)
Mensaje D / 00:02:08:642 / top(01) / 00:00:02:838 para Root(00)
Mensaje * / 00:02:11:480 / Root(00) para top(01)
Mensaje * / 00:02:11:480 / top(01) para bpm(02)
Mensaje Y / 00:02:11:480 / bpm(02) / vba_out /   1879.00000 para top(01)
Mensaje D / 00:02:11:480 / bpm(02) / ... para top(01)
Mensaje Y / 00:02:11:480 / top(01) / ba /   1879.00000 para Root(00)
Mensaje D / 00:02:11:480 / top(01) / ... para Root(00)
