Mensaje I / 00:00:00:000 / Root(00) para top(01)
Mensaje I / 00:00:00:000 / top(01) para bpm(02)
Mensaje I / 00:00:00:000 / top(01) para pv(03)
Mensaje I / 00:00:00:000 / top(01) para anv(04)
Mensaje D / 00:00:00:000 / bpm(02) / ... para top(01)
Mensaje D / 00:00:00:000 / pv(03) / ... para top(01)
Mensaje D / 00:00:00:000 / anv(04) / ... para top(01)
Mensaje D / 00:00:00:000 / top(01) / ... para Root(00)
Mensaje X / 00:00:10:000 / Root(00) / an / 100001.00000 para top(01)
Mensaje X / 00:00:10:000 / top(01) / accountnumber_in / 100001.00000 para anv(04)
Mensaje D / 00:00:10:000 / anv(04) / 00:00:03:975 para top(01)
Mensaje D / 00:00:10:000 / top(01) / 00:00:03:975 para Root(00)
Mensaje * / 00:00:13:975 / Root(00) para top(01)
Mensaje * / 00:00:13:975 / top(01) para anv(04)
Mensaje Y / 00:00:13:975 / anv(04) / logout_out /      1.00000 para top(01)
Mensaje D / 00:00:13:975 / anv(04) / ... para top(01)
Mensaje Y / 00:00:13:975 / top(01) / logout /      1.00000 para Root(00)
Mensaje D / 00:00:13:975 / top(01) / ... para Root(00)
Mensaje X / 00:00:20:000 / Root(00) / an /  12345.00000 para top(01)
Mensaje X / 00:00:20:000 / top(01) / accountnumber_in /  12345.00000 para anv(04)
Mensaje D / 00:00:20:000 / anv(04) / 00:00:01:592 para top(01)
Mensaje D / 00:00:20:000 / top(01) / 00:00:01:592 para Root(00)
Mensaje * / 00:00:21:592 / Root(00) para top(01)
Mensaje * / 00:00:21:592 / top(01) para anv(04)
Mensaje Y / 00:00:21:592 / anv(04) / validaccountnumber_out /      1.00000 para top(01)
Mensaje D / 00:00:21:592 / anv(04) / ... para top(01)
Mensaje X / 00:00:21:592 / top(01) / van_in /      1.00000 para pv(03)
Mensaje D / 00:00:21:592 / pv(03) / 00:00:01:915 para top(01)
Mensaje D / 00:00:21:592 / top(01) / 00:00:01:915 para Root(00)
Mensaje * / 00:00:23:507 / Root(00) para top(01)
Mensaje * / 00:00:23:507 / top(01) para pv(03)
Mensaje Y / 00:00:23:507 / pv(03) / vpn_out /      1.00000 para top(01)
Mensaje D / 00:00:23:507 / pv(03) / ... para top(01)
Mensaje X / 00:00:23:507 / top(01) / vpn_in /      1.00000 para bpm(02)
Mensaje D / 00:00:23:507 / bpm(02) / 00:00:04:070 para top(01)
Mensaje D / 00:00:23:507 / top(01) / 00:00:04:070 para Root(00)
Mensaje * / 00:00:27:577 / Root(00) para top(01)
Mensaje * / 00:00:27:577 / top(01) para bpm(02)
Mensaje Y / 00:00:27:577 / bpm(02) / iba_out /      1.00000 para top(01)
Mensaje D / 00:00:27:577 / bpm(02) / ... para top(01)
Mensaje X / 00:00:27:577 / top(01) / iba_in /      1.00000 para bpm(02)
Mensaje D / 00:00:27:577 / bpm(02) / 00:00:02:365 para top(01)
Mensaje D / 00:00:27:577 / top(01) / 00:00:02:365 para Root(00)
Mensaje * / 00:00:29:942 / Root(00) para top(01)
Mensaje * / 00:00:29:942 / top(01) para bpm(02)
Mensaje Y / 00:00:29:942 / bpm(02) / vba_out /   1700.00000 para top(01)
Mensaje D / 00:00:29:942 / bpm(02) / ... para top(01)
Mensaje Y / 00:00:29:942 / top(01) / ba /   1700.00000 para Root(00)
Mensaje D / 00:00:29:942 / top(01) / ... para Root(00)
Mensaje X / 00:00:30:000 / Root(00) / an /  23434.00000 para top(01)
Mensaje X / 00:00:30:000 / top(01) / accountnumber_in /  23434.00000 para anv(04)
Mensaje D / 00:00:30:000 / anv(04) / 00:00:04:321 para top(01)
Mensaje D / 00:00:30:000 / top(01) / 00:00:04:321 para Root(00)
Mensaje * / 00:00:34:321 / Root(00) para top(01)
Mensaje * / 00:00:34:321 / top(01) para anv(04)
Mensaje Y / 00:00:34:321 / anv(04) / logout_out /      1.00000 para top(01)
Mensaje D / 00:00:34:321 / anv(04) / ... para top(01)
Mensaje Y / 00:00:34:321 / top(01) / logout /      1.00000 para Root(00)
Mensaje D / 00:00:34:321 / top(01) / ... para Root(00)
Mensaje X / 00:00:40:000 / Root(00) / an / 343434.00000 para top(01)
Mensaje X / 00:00:40:000 / top(01) / accountnumber_in / 343434.00000 para anv(04)
Mensaje D / 00:00:40:000 / anv(04) / 00:00:05:699 para top(01)
Mensaje D / 00:00:40:000 / top(01) / 00:00:05:699 para Root(00)
Mensaje * / 00:00:45:699 / Root(00) para top(01)
Mensaje * / 00:00:45:699 / top(01) para anv(04)
Mensaje Y / 00:00:45:699 / anv(04) / logout_out /      1.00000 para top(01)
Mensaje D / 00:00:45:699 / anv(04) / ... para top(01)
Mensaje Y / 00:00:45:699 / top(01) / logout /      1.00000 para Root(00)
Mensaje D / 00:00:45:699 / top(01) / ... para Root(00)
Mensaje X / 00:00:50:000 / Root(00) / an / 243434.00000 para top(01)
Mensaje X / 00:00:50:000 / top(01) / accountnumber_in / 243434.00000 para anv(04)
Mensaje D / 00:00:50:000 / anv(04) / 00:00:05:310 para top(01)
Mensaje D / 00:00:50:000 / top(01) / 00:00:05:310 para Root(00)
Mensaje * / 00:00:55:310 / Root(00) para top(01)
Mensaje * / 00:00:55:310 / top(01) para anv(04)
Mensaje Y / 00:00:55:310 / anv(04) / validaccountnumber_out /      1.00000 para top(01)
Mensaje D / 00:00:55:310 / anv(04) / ... para top(01)
Mensaje X / 00:00:55:310 / top(01) / van_in /      1.00000 para pv(03)
Mensaje D / 00:00:55:310 / pv(03) / 00:00:04:892 para top(01)
Mensaje D / 00:00:55:310 / top(01) / 00:00:04:892 para Root(00)
Mensaje X / 00:01:00:000 / Root(00) / an / 111333.00000 para top(01)
Mensaje X / 00:01:00:000 / top(01) / accountnumber_in / 111333.00000 para anv(04)
Mensaje D / 00:01:00:000 / anv(04) / 00:00:03:661 para top(01)
Mensaje D / 00:01:00:000 / top(01) / 00:00:00:202 para Root(00)
Mensaje * / 00:01:00:202 / Root(00) para top(01)
Mensaje * / 00:01:00:202 / top(01) para pv(03)
Mensaje Y / 00:01:00:202 / pv(03) / ivpn_out /      1.00000 para top(01)
Mensaje D / 00:01:00:202 / pv(03) / ... para top(01)
Mensaje X / 00:01:00:202 / top(01) / ivpn_in /      1.00000 para pv(03)
Mensaje D / 00:01:00:202 / pv(03) / 00:00:02:801 para top(01)
Mensaje D / 00:01:00:202 / top(01) / 00:00:02:801 para Root(00)
Mensaje * / 00:01:03:003 / Root(00) para top(01)
Mensaje * / 00:01:03:003 / top(01) para pv(03)
Mensaje Y / 00:01:03:003 / pv(03) / ivpn_out /      1.00000 para top(01)
Mensaje D / 00:01:03:003 / pv(03) / ... para top(01)
Mensaje X / 00:01:03:003 / top(01) / ivpn_in /      1.00000 para pv(03)
Mensaje D / 00:01:03:003 / pv(03) / 00:00:05:374 para top(01)
Mensaje D / 00:01:03:003 / top(01) / 00:00:00:658 para Root(00)
Mensaje * / 00:01:03:661 / Root(00) para top(01)
Mensaje * / 00:01:03:661 / top(01) para anv(04)
Mensaje Y / 00:01:03:661 / anv(04) / logout_out /      1.00000 para top(01)
Mensaje D / 00:01:03:661 / anv(04) / ... para top(01)
Mensaje Y / 00:01:03:661 / top(01) / logout /      1.00000 para Root(00)
Mensaje D / 00:01:03:661 / top(01) / 00:00:04:716 para Root(00)
Mensaje * / 00:01:08:377 / Root(00) para top(01)
Mensaje * / 00:01:08:377 / top(01) para pv(03)
Mensaje Y / 00:01:08:377 / pv(03) / ivpn_out /      1.00000 para top(01)
Mensaje D / 00:01:08:377 / pv(03) / ... para top(01)
Mensaje X / 00:01:08:377 / top(01) / ivpn_in /      1.00000 para pv(03)
Mensaje D / 00:01:08:377 / pv(03) / 00:00:00:110 para top(01)
Mensaje D / 00:01:08:377 / top(01) / 00:00:00:110 para Root(00)
Mensaje * / 00:01:08:487 / Root(00) para top(01)
Mensaje * / 00:01:08:487 / top(01) para pv(03)
Mensaje Y / 00:01:08:487 / pv(03) / ivpn_out /      1.00000 para top(01)
Mensaje D / 00:01:08:487 / pv(03) / ... para top(01)
Mensaje X / 00:01:08:487 / top(01) / ivpn_in /      1.00000 para pv(03)
Mensaje D / 00:01:08:487 / pv(03) / 00:00:05:356 para top(01)
Mensaje D / 00:01:08:487 / top(01) / 00:00:05:356 para Root(00)
Mensaje X / 00:01:10:000 / Root(00) / an /  22224.00000 para top(01)
Mensaje X / 00:01:10:000 / top(01) / accountnumber_in /  22224.00000 para anv(04)
Mensaje D / 00:01:10:000 / anv(04) / 00:00:05:359 para top(01)
Mensaje D / 00:01:10:000 / top(01) / 00:00:03:843 para Root(00)
Mensaje * / 00:01:13:843 / Root(00) para top(01)
Mensaje * / 00:01:13:843 / top(01) para pv(03)
Mensaje Y / 00:01:13:843 / pv(03) / ivpn_out /      1.00000 para top(01)
Mensaje D / 00:01:13:843 / pv(03) / ... para top(01)
Mensaje X / 00:01:13:843 / top(01) / ivpn_in /      1.00000 para pv(03)
Mensaje D / 00:01:13:843 / pv(03) / 00:00:07:519 para top(01)
Mensaje D / 00:01:13:843 / top(01) / 00:00:01:516 para Root(00)
Mensaje * / 00:01:15:359 / Root(00) para top(01)
Mensaje * / 00:01:15:359 / top(01) para anv(04)
Mensaje Y / 00:01:15:359 / anv(04) / logout_out /      1.00000 para top(01)
Mensaje D / 00:01:15:359 / anv(04) / ... para top(01)
Mensaje Y / 00:01:15:359 / top(01) / logout /      1.00000 para Root(00)
Mensaje D / 00:01:15:359 / top(01) / 00:00:06:003 para Root(00)
Mensaje X / 00:01:20:000 / Root(00) / an /  76543.00000 para top(01)
Mensaje X / 00:01:20:000 / top(01) / accountnumber_in /  76543.00000 para anv(04)
Mensaje D / 00:01:20:000 / anv(04) / 00:00:04:168 para top(01)
Mensaje D / 00:01:20:000 / top(01) / 00:00:01:362 para Root(00)
Mensaje * / 00:01:21:362 / Root(00) para top(01)
Mensaje * / 00:01:21:362 / top(01) para pv(03)
Mensaje Y / 00:01:21:362 / pv(03) / vpn_out /      1.00000 para top(01)
Mensaje D / 00:01:21:362 / pv(03) / ... para top(01)
Mensaje X / 00:01:21:362 / top(01) / vpn_in /      1.00000 para bpm(02)
Mensaje D / 00:01:21:362 / bpm(02) / 00:00:03:066 para top(01)
Mensaje D / 00:01:21:362 / top(01) / 00:00:02:806 para Root(00)
Mensaje * / 00:01:24:168 / Root(00) para top(01)
Mensaje * / 00:01:24:168 / top(01) para anv(04)
Mensaje Y / 00:01:24:168 / anv(04) / logout_out /      1.00000 para top(01)
Mensaje D / 00:01:24:168 / anv(04) / ... para top(01)
Mensaje Y / 00:01:24:168 / top(01) / logout /      1.00000 para Root(00)
Mensaje D / 00:01:24:168 / top(01) / 00:00:00:260 para Root(00)
Mensaje * / 00:01:24:428 / Root(00) para top(01)
Mensaje * / 00:01:24:428 / top(01) para bpm(02)
Mensaje Y / 00:01:24:428 / bpm(02) / vba_out /   1109.00000 para top(01)
Mensaje D / 00:01:24:428 / bpm(02) / ... para top(01)
Mensaje Y / 00:01:24:428 / top(01) / ba /   1109.00000 para Root(00)
Mensaje D / 00:01:24:428 / top(01) / ... para Root(00)
Mensaje X / 00:01:30:000 / Root(00) / an /  85432.00000 para top(01)
Mensaje X / 00:01:30:000 / top(01) / accountnumber_in /  85432.00000 para anv(04)
Mensaje D / 00:01:30:000 / anv(04) / 00:00:01:408 para top(01)
Mensaje D / 00:01:30:000 / top(01) / 00:00:01:408 para Root(00)
Mensaje * / 00:01:31:408 / Root(00) para top(01)
Mensaje * / 00:01:31:408 / top(01) para anv(04)
Mensaje Y / 00:01:31:408 / anv(04) / logout_out /      1.00000 para top(01)
Mensaje D / 00:01:31:408 / anv(04) / ... para top(01)
Mensaje Y / 00:01:31:408 / top(01) / logout /      1.00000 para Root(00)
Mensaje D / 00:01:31:408 / top(01) / ... para Root(00)
Mensaje X / 00:01:40:000 / Root(00) / an /  88932.00000 para top(01)
Mensaje X / 00:01:40:000 / top(01) / accountnumber_in /  88932.00000 para anv(04)
Mensaje D / 00:01:40:000 / anv(04) / 00:00:02:838 para top(01)
Mensaje D / 00:01:40:000 / top(01) / 00:00:02:838 para Root(00)
Mensaje * / 00:01:42:838 / Root(00) para top(01)
Mensaje * / 00:01:42:838 / top(01) para anv(04)
Mensaje Y / 00:01:42:838 / anv(04) / validaccountnumber_out /      1.00000 para top(01)
Mensaje D / 00:01:42:838 / anv(04) / ... para top(01)
Mensaje X / 00:01:42:838 / top(01) / van_in /      1.00000 para pv(03)
Mensaje D / 00:01:42:838 / pv(03) / 00:00:04:453 para top(01)
Mensaje D / 00:01:42:838 / top(01) / 00:00:04:453 para Root(00)
Mensaje * / 00:01:47:291 / Root(00) para top(01)
Mensaje * / 00:01:47:291 / top(01) para pv(03)
Mensaje Y / 00:01:47:291 / pv(03) / vpn_out /      1.00000 para top(01)
Mensaje D / 00:01:47:291 / pv(03) / ... para top(01)
Mensaje X / 00:01:47:291 / top(01) / vpn_in /      1.00000 para bpm(02)
Mensaje D / 00:01:47:291 / bpm(02) / 00:00:07:736 para top(01)
Mensaje D / 00:01:47:291 / top(01) / 00:00:07:736 para Root(00)
Mensaje X / 00:01:50:000 / Root(00) / an / 111123.00000 para top(01)
Mensaje X / 00:01:50:000 / top(01) / accountnumber_in / 111123.00000 para anv(04)
Mensaje D / 00:01:50:000 / anv(04) / 00:00:03:452 para top(01)
Mensaje D / 00:01:50:000 / top(01) / 00:00:03:452 para Root(00)
Mensaje * / 00:01:53:452 / Root(00) para top(01)
Mensaje * / 00:01:53:452 / top(01) para anv(04)
Mensaje Y / 00:01:53:452 / anv(04) / validaccountnumber_out /      1.00000 para top(01)
Mensaje D / 00:01:53:452 / anv(04) / ... para top(01)
Mensaje X / 00:01:53:452 / top(01) / van_in /      1.00000 para pv(03)
Mensaje D / 00:01:53:452 / pv(03) / 00:00:07:245 para top(01)
Mensaje D / 00:01:53:452 / top(01) / 00:00:01:575 para Root(00)
Mensaje * / 00:01:55:027 / Root(00) para top(01)
Mensaje * / 00:01:55:027 / top(01) para bpm(02)
Mensaje Y / 00:01:55:027 / bpm(02) / vba_out /   1726.00000 para top(01)
Mensaje D / 00:01:55:027 / bpm(02) / ... para top(01)
Mensaje Y / 00:01:55:027 / top(01) / ba /   1726.00000 para Root(00)
Mensaje D / 00:01:55:027 / top(01) / 00:00:05:670 para Root(00)
Mensaje X / 00:02:00:000 / Root(00) / an /  54545.00000 para top(01)
Mensaje X / 00:02:00:000 / top(01) / accountnumber_in /  54545.00000 para anv(04)
Mensaje D / 00:02:00:000 / anv(04) / 00:00:02:765 para top(01)
Mensaje D / 00:02:00:000 / top(01) / 00:00:00:697 para Root(00)
Mensaje * / 00:02:00:697 / Root(00) para top(01)
Mensaje * / 00:02:00:697 / top(01) para pv(03)
Mensaje Y / 00:02:00:697 / pv(03) / ivpn_out /      1.00000 para top(01)
Mensaje D / 00:02:00:697 / pv(03) / ... para top(01)
Mensaje X / 00:02:00:697 / top(01) / ivpn_in /      1.00000 para pv(03)
Mensaje D / 00:02:00:697 / pv(03) / 00:00:04:225 para top(01)
Mensaje D / 00:02:00:697 / top(01) / 00:00:02:068 para Root(00)
Mensaje * / 00:02:02:765 / Root(00) para top(01)
Mensaje * / 00:02:02:765 / top(01) para anv(04)
Mensaje Y / 00:02:02:765 / anv(04) / validaccountnumber_out /      1.00000 para top(01)
Mensaje D / 00:02:02:765 / anv(04) / ... para top(01)
Mensaje X / 00:02:02:765 / top(01) / van_in /      1.00000 para pv(03)
Mensaje D / 00:02:02:765 / pv(03) / 00:00:02:157 para top(01)
Mensaje D / 00:02:02:765 / top(01) / 00:00:02:157 para Root(00)
Mensaje * / 00:02:04:922 / Root(00) para top(01)
Mensaje * / 00:02:04:922 / top(01) para pv(03)
Mensaje Y / 00:02:04:922 / pv(03) / ivpn_out /      1.00000 para top(01)
Mensaje D / 00:02:04:922 / pv(03) / ... para top(01)
Mensaje X / 00:02:04:922 / top(01) / ivpn_in /      1.00000 para pv(03)
Mensaje D / 00:02:04:922 / pv(03) / 00:00:03:675 para top(01)
Mensaje D / 00:02:04:922 / top(01) / 00:00:03:675 para Root(00)
Mensaje * / 00:02:08:597 / Root(00) para top(01)
Mensaje * / 00:02:08:597 / top(01) para pv(03)
Mensaje Y / 00:02:08:597 / pv(03) / vpn_out /      1.00000 para top(01)
Mensaje D / 00:02:08:597 / pv(03) / ... para top(01)
Mensaje X / 00:02:08:597 / top(01) / vpn_in /      1.00000 para bpm(02)
Mensaje D / 00:02:08:597 / bpm(02) / 00:00:04:628 para top(01)
Mensaje D / 00:02:08:597 / top(01) / 00:00:04:628 para Root(00)
Mensaje * / 00:02:13:225 / Root(00) para top(01)
Mensaje * / 00:02:13:225 / top(01) para bpm(02)
Mensaje Y / 00:02:13:225 / bpm(02) / vba_out /    635.00000 para top(01)
Mensaje D / 00:02:13:225 / bpm(02) / ... para top(01)
Mensaje Y / 00:02:13:225 / top(01) / ba /    635.00000 para Root(00)
Mensaje D / 00:02:13:225 / top(01) / ... para Root(00)
