Mensaje I / 00:00:00:000 / Root(00) para top(01)
Mensaje I / 00:00:00:000 / top(01) para ae(02)
Mensaje I / 00:00:00:000 / top(01) para aam(06)
Mensaje I / 00:00:00:000 / top(01) para tpm(07)
Mensaje I / 00:00:00:000 / ae(02) para bpm(03)
Mensaje I / 00:00:00:000 / ae(02) para pv(04)
Mensaje I / 00:00:00:000 / ae(02) para anv(05)
Mensaje D / 00:00:00:000 / aam(06) / ... para top(01)
Mensaje D / 00:00:00:000 / tpm(07) / ... para top(01)
Mensaje D / 00:00:00:000 / bpm(03) / ... para ae(02)
Mensaje D / 00:00:00:000 / pv(04) / ... para ae(02)
Mensaje D / 00:00:00:000 / anv(05) / ... para ae(02)
Mensaje D / 00:00:00:000 / ae(02) / ... para top(01)
Mensaje D / 00:00:00:000 / top(01) / ... para Root(00)
Mensaje X / 01:00:30:000 / Root(00) / login /      1.00000 para top(01)
Mensaje X / 01:00:30:000 / top(01) / login /      1.00000 para aam(06)
Mensaje D / 01:00:30:000 / aam(06) / 00:00:01:987 para top(01)
Mensaje D / 01:00:30:000 / top(01) / 00:00:01:987 para Root(00)
Mensaje * / 01:00:31:987 / Root(00) para top(01)
Mensaje * / 01:00:31:987 / top(01) para aam(06)
Mensaje Y / 01:00:31:987 / aam(06) / van / 866175.00000 para top(01)
Mensaje D / 01:00:31:987 / aam(06) / ... para top(01)
Mensaje X / 01:00:31:987 / top(01) / an / 866175.00000 para ae(02)
Mensaje X / 01:00:31:987 / ae(02) / accountnumber_in / 866175.00000 para anv(05)
Mensaje D / 01:00:31:987 / anv(05) / 00:00:01:592 para ae(02)
Mensaje D / 01:00:31:987 / ae(02) / 00:00:01:592 para top(01)
Mensaje D / 01:00:31:987 / top(01) / 00:00:01:592 para Root(00)
Mensaje * / 01:00:33:579 / Root(00) para top(01)
Mensaje * / 01:00:33:579 / top(01) para ae(02)
Mensaje * / 01:00:33:579 / ae(02) para anv(05)
Mensaje Y / 01:00:33:579 / anv(05) / validaccountnumber_out /      1.00000 para ae(02)
Mensaje D / 01:00:33:579 / anv(05) / ... para ae(02)
Mensaje X / 01:00:33:579 / ae(02) / van_in /      1.00000 para pv(04)
Mensaje D / 01:00:33:579 / pv(04) / 00:00:01:915 para ae(02)
Mensaje D / 01:00:33:579 / ae(02) / 00:00:01:915 para top(01)
Mensaje D / 01:00:33:579 / top(01) / 00:00:01:915 para Root(00)
Mensaje * / 01:00:35:494 / Root(00) para top(01)
Mensaje * / 01:00:35:494 / top(01) para ae(02)
Mensaje * / 01:00:35:494 / ae(02) para pv(04)
Mensaje Y / 01:00:35:494 / pv(04) / vpn_out /      1.00000 para ae(02)
Mensaje D / 01:00:35:494 / pv(04) / ... para ae(02)
Mensaje X / 01:00:35:494 / ae(02) / vpn_in /      1.00000 para bpm(03)
Mensaje D / 01:00:35:494 / bpm(03) / 00:00:04:070 para ae(02)
Mensaje D / 01:00:35:494 / ae(02) / 00:00:04:070 para top(01)
Mensaje D / 01:00:35:494 / top(01) / 00:00:04:070 para Root(00)
Mensaje * / 01:00:39:564 / Root(00) para top(01)
Mensaje * / 01:00:39:564 / top(01) para ae(02)
Mensaje * / 01:00:39:564 / ae(02) para bpm(03)
Mensaje Y / 01:00:39:564 / bpm(03) / vba_out /    640.00000 para ae(02)
Mensaje D / 01:00:39:564 / bpm(03) / ... para ae(02)
Mensaje Y / 01:00:39:564 / ae(02) / ba /    640.00000 para top(01)
Mensaje D / 01:00:39:564 / ae(02) / ... para top(01)
Mensaje X / 01:00:39:564 / top(01) / vba_in /    640.00000 para tpm(07)
Mensaje D / 01:00:39:564 / tpm(07) / 00:00:01:182 para top(01)
Mensaje D / 01:00:39:564 / top(01) / 00:00:01:182 para Root(00)
Mensaje * / 01:00:40:746 / Root(00) para top(01)
Mensaje * / 01:00:40:746 / top(01) para tpm(07)
Mensaje Y / 01:00:40:746 / tpm(07) / uab_out /   2360.00000 para top(01)
Mensaje Y / 01:00:40:746 / tpm(07) / logout /      1.00000 para top(01)
Mensaje D / 01:00:40:746 / tpm(07) / ... para top(01)
Mensaje Y / 01:00:40:746 / top(01) / ab /   2360.00000 para Root(00)
Mensaje X / 01:00:40:746 / top(01) / ian /      1.00000 para aam(06)
Mensaje D / 01:00:40:746 / aam(06) / 00:00:02:160 para top(01)
Mensaje D / 01:00:40:746 / top(01) / 00:00:02:160 para Root(00)
Mensaje * / 01:00:42:906 / Root(00) para top(01)
Mensaje * / 01:00:42:906 / top(01) para aam(06)
Mensaje Y / 01:00:42:906 / aam(06) / logout /      1.00000 para top(01)
Mensaje D / 01:00:42:906 / aam(06) / ... para top(01)
Mensaje Y / 01:00:42:906 / top(01) / logout /      1.00000 para Root(00)
Mensaje D / 01:00:42:906 / top(01) / ... para Root(00)
Mensaje X / 01:00:50:000 / Root(00) / login /      1.00000 para top(01)
Mensaje X / 01:00:50:000 / top(01) / login /      1.00000 para aam(06)
Mensaje D / 01:00:50:000 / aam(06) / 00:00:02:849 para top(01)
Mensaje D / 01:00:50:000 / top(01) / 00:00:02:849 para Root(00)
Mensaje * / 01:00:52:849 / Root(00) para top(01)
Mensaje * / 01:00:52:849 / top(01) para aam(06)
Mensaje Y / 01:00:52:849 / aam(06) / van / 896592.00000 para top(01)
Mensaje D / 01:00:52:849 / aam(06) / ... para top(01)
Mensaje X / 01:00:52:849 / top(01) / an / 896592.00000 para ae(02)
Mensaje X / 01:00:52:849 / ae(02) / accountnumber_in / 896592.00000 para anv(05)
Mensaje D / 01:00:52:849 / anv(05) / 00:00:05:310 para ae(02)
Mensaje D / 01:00:52:849 / ae(02) / 00:00:05:310 para top(01)
Mensaje D / 01:00:52:849 / top(01) / 00:00:05:310 para Root(00)
Mensaje * / 01:00:58:159 / Root(00) para top(01)
Mensaje * / 01:00:58:159 / top(01) para ae(02)
Mensaje * / 01:00:58:159 / ae(02) para anv(05)
Mensaje Y / 01:00:58:159 / anv(05) / logout_out /      1.00000 para ae(02)
Mensaje D / 01:00:58:159 / anv(05) / ... para ae(02)
Mensaje Y / 01:00:58:159 / ae(02) / logout /      1.00000 para top(01)
Mensaje D / 01:00:58:159 / ae(02) / ... para top(01)
Mensaje X / 01:00:58:159 / top(01) / ian /      1.00000 para aam(06)
Mensaje D / 01:00:58:159 / aam(06) / 00:00:02:446 para top(01)
Mensaje D / 01:00:58:159 / top(01) / 00:00:02:446 para Root(00)
Mensaje * / 01:01:00:605 / Root(00) para top(01)
Mensaje * / 01:01:00:605 / top(01) para aam(06)
Mensaje Y / 01:01:00:605 / aam(06) / logout /      1.00000 para top(01)
Mensaje D / 01:01:00:605 / aam(06) / ... para top(01)
Mensaje Y / 01:01:00:605 / top(01) / logout /      1.00000 para Root(00)
Mensaje D / 01:01:00:605 / top(01) / ... para Root(00)
Mensaje X / 03:00:10:000 / Root(00) / login /      1.00000 para top(01)
Mensaje X / 03:00:10:000 / top(01) / login /      1.00000 para aam(06)
Mensaje D / 03:00:10:000 / aam(06) / 00:00:01:830 para top(01)
Mensaje D / 03:00:10:000 / top(01) / 00:00:01:830 para Root(00)
Mensaje * / 03:00:11:830 / Root(00) para top(01)
Mensaje * / 03:00:11:830 / top(01) para aam(06)
Mensaje Y / 03:00:11:830 / aam(06) / van / 836485.00000 para top(01)
Mensaje D / 03:00:11:830 / aam(06) / ... para top(01)
Mensaje X / 03:00:11:830 / top(01) / an / 836485.00000 para ae(02)
Mensaje X / 03:00:11:830 / ae(02) / accountnumber_in / 836485.00000 para anv(05)
Mensaje D / 03:00:11:830 / anv(05) / 00:00:02:801 para ae(02)
Mensaje D / 03:00:11:830 / ae(02) / 00:00:02:801 para top(01)
Mensaje D / 03:00:11:830 / top(01) / 00:00:02:801 para Root(00)
Mensaje * / 03:00:14:631 / Root(00) para top(01)
Mensaje * / 03:00:14:631 / top(01) para ae(02)
Mensaje * / 03:00:14:631 / ae(02) para anv(05)
Mensaje Y / 03:00:14:631 / anv(05) / validaccountnumber_out /      1.00000 para ae(02)
Mensaje D / 03:00:14:631 / anv(05) / ... para ae(02)
Mensaje X / 03:00:14:631 / ae(02) / van_in /      1.00000 para pv(04)
Mensaje D / 03:00:14:631 / pv(04) / 00:00:05:374 para ae(02)
Mensaje D / 03:00:14:631 / ae(02) / 00:00:05:374 para top(01)
Mensaje D / 03:00:14:631 / top(01) / 00:00:05:374 para Root(00)
Mensaje * / 03:00:20:005 / Root(00) para top(01)
Mensaje * / 03:00:20:005 / top(01) para ae(02)
Mensaje * / 03:00:20:005 / ae(02) para pv(04)
Mensaje Y / 03:00:20:005 / pv(04) / ivpn_out /      1.00000 para ae(02)
Mensaje D / 03:00:20:005 / pv(04) / ... para ae(02)
Mensaje X / 03:00:20:005 / ae(02) / ivpn_in /      1.00000 para pv(04)
Mensaje D / 03:00:20:005 / pv(04) / 00:00:00:110 para ae(02)
Mensaje D / 03:00:20:005 / ae(02) / 00:00:00:110 para top(01)
Mensaje D / 03:00:20:005 / top(01) / 00:00:00:110 para Root(00)
Mensaje * / 03:00:20:115 / Root(00) para top(01)
Mensaje * / 03:00:20:115 / top(01) para ae(02)
Mensaje * / 03:00:20:115 / ae(02) para pv(04)
Mensaje Y / 03:00:20:115 / pv(04) / vpn_out /      1.00000 para ae(02)
Mensaje D / 03:00:20:115 / pv(04) / ... para ae(02)
Mensaje X / 03:00:20:115 / ae(02) / vpn_in /      1.00000 para bpm(03)
Mensaje D / 03:00:20:115 / bpm(03) / 00:00:05:356 para ae(02)
Mensaje D / 03:00:20:115 / ae(02) / 00:00:05:356 para top(01)
Mensaje D / 03:00:20:115 / top(01) / 00:00:05:356 para Root(00)
Mensaje * / 03:00:25:471 / Root(00) para top(01)
Mensaje * / 03:00:25:471 / top(01) para ae(02)
Mensaje * / 03:00:25:471 / ae(02) para bpm(03)
Mensaje Y / 03:00:25:471 / bpm(03) / vba_out /   2051.00000 para ae(02)
Mensaje D / 03:00:25:471 / bpm(03) / ... para ae(02)
Mensaje Y / 03:00:25:471 / ae(02) / ba /   2051.00000 para top(01)
Mensaje D / 03:00:25:471 / ae(02) / ... para top(01)
Mensaje X / 03:00:25:471 / top(01) / vba_in /   2051.00000 para tpm(07)
Mensaje D / 03:00:25:471 / tpm(07) / 00:00:02:679 para top(01)
Mensaje D / 03:00:25:471 / top(01) / 00:00:02:679 para Root(00)
Mensaje * / 03:00:28:150 / Root(00) para top(01)
Mensaje * / 03:00:28:150 / top(01) para tpm(07)
Mensaje Y / 03:00:28:150 / tpm(07) / uab_out /    309.00000 para top(01)
Mensaje Y / 03:00:28:150 / tpm(07) / logout /      1.00000 para top(01)
Mensaje D / 03:00:28:150 / tpm(07) / ... para top(01)
Mensaje Y / 03:00:28:150 / top(01) / ab /    309.00000 para Root(00)
Mensaje X / 03:00:28:150 / top(01) / ian /      1.00000 para aam(06)
Mensaje D / 03:00:28:150 / aam(06) / 00:00:03:759 para top(01)
Mensaje D / 03:00:28:150 / top(01) / 00:00:03:759 para Root(00)
Mensaje * / 03:00:31:909 / Root(00) para top(01)
Mensaje * / 03:00:31:909 / top(01) para aam(06)
Mensaje Y / 03:00:31:909 / aam(06) / logout /      1.00000 para top(01)
Mensaje D / 03:00:31:909 / aam(06) / ... para top(01)
Mensaje Y / 03:00:31:909 / top(01) / logout /      1.00000 para Root(00)
Mensaje D / 03:00:31:909 / top(01) / ... para Root(00)
Mensaje X / 05:00:20:000 / Root(00) / login /      1.00000 para top(01)
Mensaje X / 05:00:20:000 / top(01) / login /      1.00000 para aam(06)
Mensaje D / 05:00:20:000 / aam(06) / 00:00:02:084 para top(01)
Mensaje D / 05:00:20:000 / top(01) / 00:00:02:084 para Root(00)
Mensaje * / 05:00:22:084 / Root(00) para top(01)
Mensaje * / 05:00:22:084 / top(01) para aam(06)
Mensaje Y / 05:00:22:084 / aam(06) / van / 993513.00000 para top(01)
Mensaje D / 05:00:22:084 / aam(06) / ... para top(01)
Mensaje X / 05:00:22:084 / top(01) / an / 993513.00000 para ae(02)
Mensaje X / 05:00:22:084 / ae(02) / accountnumber_in / 993513.00000 para anv(05)
Mensaje D / 05:00:22:084 / anv(05) / 00:00:03:066 para ae(02)
Mensaje D / 05:00:22:084 / ae(02) / 00:00:03:066 para top(01)
Mensaje D / 05:00:22:084 / top(01) / 00:00:03:066 para Root(00)
Mensaje * / 05:00:25:150 / Root(00) para top(01)
Mensaje * / 05:00:25:150 / top(01) para ae(02)
Mensaje * / 05:00:25:150 / ae(02) para anv(05)
Mensaje Y / 05:00:25:150 / anv(05) / logout_out /      1.00000 para ae(02)
Mensaje D / 05:00:25:150 / anv(05) / ... para ae(02)
Mensaje Y / 05:00:25:150 / ae(02) / logout /      1.00000 para top(01)
Mensaje D / 05:00:25:150 / ae(02) / ... para top(01)
Mensaje X / 05:00:25:150 / top(01) / ian /      1.00000 para aam(06)
Mensaje D / 05:00:25:150 / aam(06) / 00:00:00:704 para top(01)
Mensaje D / 05:00:25:150 / top(01) / 00:00:00:704 para Root(00)
Mensaje * / 05:00:25:854 / Root(00) para top(01)
Mensaje * / 05:00:25:854 / top(01) para aam(06)
Mensaje Y / 05:00:25:854 / aam(06) / logout /      1.00000 para top(01)
Mensaje D / 05:00:25:854 / aam(06) / ... para top(01)
Mensaje Y / 05:00:25:854 / top(01) / logout /      1.00000 para Root(00)
Mensaje D / 05:00:25:854 / top(01) / ... para Root(00)
