Mensaje I / 00:00:00:000 / Root(00) para top(01)
Mensaje I / 00:00:00:000 / top(01) para ae(02)
Mensaje I / 00:00:00:000 / top(01) para aam(06)
Mensaje I / 00:00:00:000 / top(01) para tpm(07)
Mensaje I / 00:00:00:000 / ae(02) para bpm(03)
Mensaje I / 00:00:00:000 / ae(02) para pv(04)
Mensaje I / 00:00:00:000 / ae(02) para anv(05)
Mensaje D / 00:00:00:000 / aam(06) / ... para top(01)
Mensaje D / 00:00:00:000 / tpm(07) / ... para top(01)
Mensaje D / 00:00:00:000 / bpm(03) / ... para ae(02)
Mensaje D / 00:00:00:000 / pv(04) / ... para ae(02)
Mensaje D / 00:00:00:000 / anv(05) / ... para ae(02)
Mensaje D / 00:00:00:000 / ae(02) / ... para top(01)
Mensaje D / 00:00:00:000 / top(01) / ... para Root(00)
Mensaje X / 01:00:30:000 / Root(00) / login /      1.00000 para top(01)
Mensaje X / 01:00:30:000 / top(01) / login /      1.00000 para aam(06)
Mensaje D / 01:00:30:000 / aam(06) / 00:00:01:987 para top(01)
Mensaje D / 01:00:30:000 / top(01) / 00:00:01:987 para Root(00)
Mensaje * / 01:00:31:987 / Root(00) para top(01)
Mensaje * / 01:00:31:987 / top(01) para aam(06)
Mensaje Y / 01:00:31:987 / aam(06) / van / 602057.00000 para top(01)
Mensaje D / 01:00:31:987 / aam(06) / ... para top(01)
Mensaje X / 01:00:31:987 / top(01) / an / 602057.00000 para ae(02)
Mensaje X / 01:00:31:987 / ae(02) / accountnumber_in / 602057.00000 para anv(05)
Mensaje D / 01:00:31:987 / anv(05) / 00:00:01:592 para ae(02)
Mensaje D / 01:00:31:987 / ae(02) / 00:00:01:592 para top(01)
Mensaje D / 01:00:31:987 / top(01) / 00:00:01:592 para Root(00)
Mensaje * / 01:00:33:579 / Root(00) para top(01)
Mensaje * / 01:00:33:579 / top(01) para ae(02)
Mensaje * / 01:00:33:579 / ae(02) para anv(05)
Mensaje Y / 01:00:33:579 / anv(05) / logout_out /      1.00000 para ae(02)
Mensaje D / 01:00:33:579 / anv(05) / ... para ae(02)
Mensaje Y / 01:00:33:579 / ae(02) / logout /      1.00000 para top(01)
Mensaje D / 01:00:33:579 / ae(02) / ... para top(01)
Mensaje X / 01:00:33:579 / top(01) / ian /      1.00000 para aam(06)
Mensaje D / 01:00:33:579 / aam(06) / 00:00:00:957 para top(01)
Mensaje D / 01:00:33:579 / top(01) / 00:00:00:957 para Root(00)
Mensaje * / 01:00:34:536 / Root(00) para top(01)
Mensaje * / 01:00:34:536 / top(01) para aam(06)
Mensaje Y / 01:00:34:536 / aam(06) / logout /      1.00000 para top(01)
Mensaje D / 01:00:34:536 / aam(06) / ... para top(01)
Mensaje Y / 01:00:34:536 / top(01) / logout /      1.00000 para Root(00)
Mensaje D / 01:00:34:536 / top(01) / ... para Root(00)
Mensaje X / 01:00:50:000 / Root(00) / login /      1.00000 para top(01)
Mensaje X / 01:00:50:000 / top(01) / login /      1.00000 para aam(06)
Mensaje D / 01:00:50:000 / aam(06) / 00:00:02:035 para top(01)
Mensaje D / 01:00:50:000 / top(01) / 00:00:02:035 para Root(00)
Mensaje * / 01:00:52:035 / Root(00) para top(01)
Mensaje * / 01:00:52:035 / top(01) para aam(06)
Mensaje Y / 01:00:52:035 / aam(06) / van /  63301.00000 para top(01)
Mensaje D / 01:00:52:035 / aam(06) / ... para top(01)
Mensaje X / 01:00:52:035 / top(01) / an /  63301.00000 para ae(02)
Mensaje X / 01:00:52:035 / ae(02) / accountnumber_in /  63301.00000 para anv(05)
Mensaje D / 01:00:52:035 / anv(05) / 00:00:02:365 para ae(02)
Mensaje D / 01:00:52:035 / ae(02) / 00:00:02:365 para top(01)
Mensaje D / 01:00:52:035 / top(01) / 00:00:02:365 para Root(00)
Mensaje * / 01:00:54:400 / Root(00) para top(01)
Mensaje * / 01:00:54:400 / top(01) para ae(02)
Mensaje * / 01:00:54:400 / ae(02) para anv(05)
Mensaje Y / 01:00:54:400 / anv(05) / validaccountnumber_out /      1.00000 para ae(02)
Mensaje D / 01:00:54:400 / anv(05) / ... para ae(02)
Mensaje X / 01:00:54:400 / ae(02) / van_in /      1.00000 para pv(04)
Mensaje D / 01:00:54:400 / pv(04) / 00:00:04:321 para ae(02)
Mensaje D / 01:00:54:400 / ae(02) / 00:00:04:321 para top(01)
Mensaje D / 01:00:54:400 / top(01) / 00:00:04:321 para Root(00)
Mensaje * / 01:00:58:721 / Root(00) para top(01)
Mensaje * / 01:00:58:721 / top(01) para ae(02)
Mensaje * / 01:00:58:721 / ae(02) para pv(04)
Mensaje Y / 01:00:58:721 / pv(04) / ivpn_out /      1.00000 para ae(02)
Mensaje D / 01:00:58:721 / pv(04) / ... para ae(02)
Mensaje X / 01:00:58:721 / ae(02) / ivpn_in /      1.00000 para pv(04)
Mensaje D / 01:00:58:721 / pv(04) / 00:00:05:699 para ae(02)
Mensaje D / 01:00:58:721 / ae(02) / 00:00:05:699 para top(01)
Mensaje D / 01:00:58:721 / top(01) / 00:00:05:699 para Root(00)
Mensaje * / 01:01:04:420 / Root(00) para top(01)
Mensaje * / 01:01:04:420 / top(01) para ae(02)
Mensaje * / 01:01:04:420 / ae(02) para pv(04)
Mensaje Y / 01:01:04:420 / pv(04) / ivpn_out /      1.00000 para ae(02)
Mensaje D / 01:01:04:420 / pv(04) / ... para ae(02)
Mensaje X / 01:01:04:420 / ae(02) / ivpn_in /      1.00000 para pv(04)
Mensaje D / 01:01:04:420 / pv(04) / 00:00:05:310 para ae(02)
Mensaje D / 01:01:04:420 / ae(02) / 00:00:05:310 para top(01)
Mensaje D / 01:01:04:420 / top(01) / 00:00:05:310 para Root(00)
Mensaje * / 01:01:09:730 / Root(00) para top(01)
Mensaje * / 01:01:09:730 / top(01) para ae(02)
Mensaje * / 01:01:09:730 / ae(02) para pv(04)
Mensaje Y / 01:01:09:730 / pv(04) / ivpn_out /      1.00000 para ae(02)
Mensaje D / 01:01:09:730 / pv(04) / ... para ae(02)
Mensaje X / 01:01:09:730 / ae(02) / ivpn_in /      1.00000 para pv(04)
Mensaje D / 01:01:09:730 / pv(04) / 00:00:04:892 para ae(02)
Mensaje D / 01:01:09:730 / ae(02) / 00:00:04:892 para top(01)
Mensaje D / 01:01:09:730 / top(01) / 00:00:04:892 para Root(00)
Mensaje * / 01:01:14:622 / Root(00) para top(01)
Mensaje * / 01:01:14:622 / top(01) para ae(02)
Mensaje * / 01:01:14:622 / ae(02) para pv(04)
Mensaje Y / 01:01:14:622 / pv(04) / vpn_out /      1.00000 para ae(02)
Mensaje D / 01:01:14:622 / pv(04) / ... para ae(02)
Mensaje X / 01:01:14:622 / ae(02) / vpn_in /      1.00000 para bpm(03)
Mensaje D / 01:01:14:622 / bpm(03) / 00:00:03:661 para ae(02)
Mensaje D / 01:01:14:622 / ae(02) / 00:00:03:661 para top(01)
Mensaje D / 01:01:14:622 / top(01) / 00:00:03:661 para Root(00)
Mensaje * / 01:01:18:283 / Root(00) para top(01)
Mensaje * / 01:01:18:283 / top(01) para ae(02)
Mensaje * / 01:01:18:283 / ae(02) para bpm(03)
Mensaje Y / 01:01:18:283 / bpm(03) / vba_out /   2229.00000 para ae(02)
Mensaje D / 01:01:18:283 / bpm(03) / ... para ae(02)
Mensaje Y / 01:01:18:283 / ae(02) / ba /   2229.00000 para top(01)
Mensaje D / 01:01:18:283 / ae(02) / ... para top(01)
Mensaje X / 01:01:18:283 / top(01) / vba_in /   2229.00000 para tpm(07)
Mensaje D / 01:01:18:283 / tpm(07) / 00:00:01:400 para top(01)
Mensaje D / 01:01:18:283 / top(01) / 00:00:01:400 para Root(00)
Mensaje * / 01:01:19:683 / Root(00) para top(01)
Mensaje * / 01:01:19:683 / top(01) para tpm(07)
Mensaje Y / 01:01:19:683 / tpm(07) / uab_out /    771.00000 para top(01)
Mensaje Y / 01:01:19:683 / tpm(07) / logout /      1.00000 para top(01)
Mensaje D / 01:01:19:683 / tpm(07) / ... para top(01)
Mensaje Y / 01:01:19:683 / top(01) / ab /    771.00000 para Root(00)
Mensaje X / 01:01:19:683 / top(01) / ian /      1.00000 para aam(06)
Mensaje D / 01:01:19:683 / aam(06) / 00:00:02:687 para top(01)
Mensaje D / 01:01:19:683 / top(01) / 00:00:02:687 para Root(00)
Mensaje * / 01:01:22:370 / Root(00) para top(01)
Mensaje * / 01:01:22:370 / top(01) para aam(06)
Mensaje Y / 01:01:22:370 / aam(06) / logout /      1.00000 para top(01)
Mensaje D / 01:01:22:370 / aam(06) / ... para top(01)
Mensaje Y / 01:01:22:370 / top(01) / logout /      1.00000 para Root(00)
Mensaje D / 01:01:22:370 / top(01) / ... para Root(00)
Mensaje X / 03:00:10:000 / Root(00) / login /      1.00000 para top(01)
Mensaje X / 03:00:10:000 / top(01) / login /      1.00000 para aam(06)
Mensaje D / 03:00:10:000 / aam(06) / 00:00:00:055 para top(01)
Mensaje D / 03:00:10:000 / top(01) / 00:00:00:055 para Root(00)
Mensaje * / 03:00:10:055 / Root(00) para top(01)
Mensaje * / 03:00:10:055 / top(01) para aam(06)
Mensaje Y / 03:00:10:055 / aam(06) / van / 339355.00000 para top(01)
Mensaje D / 03:00:10:055 / aam(06) / ... para top(01)
Mensaje X / 03:00:10:055 / top(01) / an / 339355.00000 para ae(02)
Mensaje X / 03:00:10:055 / ae(02) / accountnumber_in / 339355.00000 para anv(05)
Mensaje D / 03:00:10:055 / anv(05) / 00:00:05:356 para ae(02)
Mensaje D / 03:00:10:055 / ae(02) / 00:00:05:356 para top(01)
Mensaje D / 03:00:10:055 / top(01) / 00:00:05:356 para Root(00)
Mensaje * / 03:00:15:411 / Root(00) para top(01)
Mensaje * / 03:00:15:411 / top(01) para ae(02)
Mensaje * / 03:00:15:411 / ae(02) para anv(05)
Mensaje Y / 03:00:15:411 / anv(05) / logout_out /      1.00000 para ae(02)
Mensaje D / 03:00:15:411 / anv(05) / ... para ae(02)
Mensaje Y / 03:00:15:411 / ae(02) / logout /      1.00000 para top(01)
Mensaje D / 03:00:15:411 / ae(02) / ... para top(01)
Mensaje X / 03:00:15:411 / top(01) / ian /      1.00000 para aam(06)
Mensaje D / 03:00:15:411 / aam(06) / 00:00:02:679 para top(01)
Mensaje D / 03:00:15:411 / top(01) / 00:00:02:679 para Root(00)
Mensaje * / 03:00:18:090 / Root(00) para top(01)
Mensaje * / 03:00:18:090 / top(01) para aam(06)
Mensaje Y / 03:00:18:090 / aam(06) / logout /      1.00000 para top(01)
Mensaje D / 03:00:18:090 / aam(06) / ... para top(01)
Mensaje Y / 03:00:18:090 / top(01) / logout /      1.00000 para Root(00)
Mensaje D / 03:00:18:090 / top(01) / ... para Root(00)
Mensaje X / 05:00:20:000 / Root(00) / login /      1.00000 para top(01)
Mensaje X / 05:00:20:000 / top(01) / login /      1.00000 para aam(06)
Mensaje D / 05:00:20:000 / aam(06) / 00:00:03:759 para top(01)
Mensaje D / 05:00:20:000 / top(01) / 00:00:03:759 para Root(00)
Mensaje * / 05:00:23:759 / Root(00) para top(01)
Mensaje * / 05:00:23:759 / top(01) para aam(06)
Mensaje Y / 05:00:23:759 / aam(06) / van / 222442.00000 para top(01)
Mensaje D / 05:00:23:759 / aam(06) / ... para top(01)
Mensaje X / 05:00:23:759 / top(01) / an / 222442.00000 para ae(02)
Mensaje X / 05:00:23:759 / ae(02) / accountnumber_in / 222442.00000 para anv(05)
Mensaje D / 05:00:23:759 / anv(05) / 00:00:04:168 para ae(02)
Mensaje D / 05:00:23:759 / ae(02) / 00:00:04:168 para top(01)
Mensaje D / 05:00:23:759 / top(01) / 00:00:04:168 para Root(00)
Mensaje * / 05:00:27:927 / Root(00) para top(01)
Mensaje * / 05:00:27:927 / top(01) para ae(02)
Mensaje * / 05:00:27:927 / ae(02) para anv(05)
Mensaje Y / 05:00:27:927 / anv(05) / logout_out /      1.00000 para ae(02)
Mensaje D / 05:00:27:927 / anv(05) / ... para ae(02)
Mensaje Y / 05:00:27:927 / ae(02) / logout /      1.00000 para top(01)
Mensaje D / 05:00:27:927 / ae(02) / ... para top(01)
Mensaje X / 05:00:27:927 / top(01) / ian /      1.00000 para aam(06)
Mensaje D / 05:00:27:927 / aam(06) / 00:00:01:533 para top(01)
Mensaje D / 05:00:27:927 / top(01) / 00:00:01:533 para Root(00)
Mensaje * / 05:00:29:460 / Root(00) para top(01)
Mensaje * / 05:00:29:460 / top(01) para aam(06)
Mensaje Y / 05:00:29:460 / aam(06) / logout /      1.00000 para top(01)
Mensaje D / 05:00:29:460 / aam(06) / ... para top(01)
Mensaje Y / 05:00:29:460 / top(01) / logout /      1.00000 para Root(00)
Mensaje D / 05:00:29:460 / top(01) / ... para Root(00)
