Mensaje I / 00:00:00:000 / Root(00) para top(01)
Mensaje I / 00:00:00:000 / top(01) para ae(02)
Mensaje I / 00:00:00:000 / top(01) para aam(06)
Mensaje I / 00:00:00:000 / top(01) para tpm(07)
Mensaje I / 00:00:00:000 / ae(02) para bpm(03)
Mensaje I / 00:00:00:000 / ae(02) para pv(04)
Mensaje I / 00:00:00:000 / ae(02) para anv(05)
Mensaje D / 00:00:00:000 / aam(06) / ... para top(01)
Mensaje D / 00:00:00:000 / tpm(07) / ... para top(01)
Mensaje D / 00:00:00:000 / bpm(03) / ... para ae(02)
Mensaje D / 00:00:00:000 / pv(04) / ... para ae(02)
Mensaje D / 00:00:00:000 / anv(05) / ... para ae(02)
Mensaje D / 00:00:00:000 / ae(02) / ... para top(01)
Mensaje D / 00:00:00:000 / top(01) / ... para Root(00)
Mensaje X / 01:00:30:000 / Root(00) / login /      1.00000 para top(01)
Mensaje X / 01:00:30:000 / top(01) / login /      1.00000 para aam(06)
Mensaje D / 01:00:30:000 / aam(06) / 00:00:01:987 para top(01)
Mensaje D / 01:00:30:000 / top(01) / 00:00:01:987 para Root(00)
Mensaje * / 01:00:31:987 / Root(00) para top(01)
Mensaje * / 01:00:31:987 / top(01) para aam(06)
Mensaje Y / 01:00:31:987 / aam(06) / van / 310030.00000 para top(01)
Mensaje D / 01:00:31:987 / aam(06) / ... para top(01)
Mensaje X / 01:00:31:987 / top(01) / an / 310030.00000 para ae(02)
Mensaje X / 01:00:31:987 / ae(02) / accountnumber_in / 310030.00000 para anv(05)
Mensaje D / 01:00:31:987 / anv(05) / 00:00:01:592 para ae(02)
Mensaje D / 01:00:31:987 / ae(02) / 00:00:01:592 para top(01)
Mensaje D / 01:00:31:987 / top(01) / 00:00:01:592 para Root(00)
Mensaje * / 01:00:33:579 / Root(00) para top(01)
Mensaje * / 01:00:33:579 / top(01) para ae(02)
Mensaje * / 01:00:33:579 / ae(02) para anv(05)
Mensaje Y / 01:00:33:579 / anv(05) / validaccountnumber_out /      1.00000 para ae(02)
Mensaje D / 01:00:33:579 / anv(05) / ... para ae(02)
Mensaje X / 01:00:33:579 / ae(02) / van_in /      1.00000 para pv(04)
Mensaje D / 01:00:33:579 / pv(04) / 00:00:01:915 para ae(02)
Mensaje D / 01:00:33:579 / ae(02) / 00:00:01:915 para top(01)
Mensaje D / 01:00:33:579 / top(01) / 00:00:01:915 para Root(00)
Mensaje * / 01:00:35:494 / Root(00) para top(01)
Mensaje * / 01:00:35:494 / top(01) para ae(02)
Mensaje * / 01:00:35:494 / ae(02) para pv(04)
Mensaje Y / 01:00:35:494 / pv(04) / ivpn_out /      1.00000 para ae(02)
Mensaje D / 01:00:35:494 / pv(04) / ... para ae(02)
Mensaje X / 01:00:35:494 / ae(02) / ivpn_in /      1.00000 para pv(04)
Mensaje D / 01:00:35:494 / pv(04) / 00:00:04:070 para ae(02)
Mensaje D / 01:00:35:494 / ae(02) / 00:00:04:070 para top(01)
Mensaje D / 01:00:35:494 / top(01) / 00:00:04:070 para Root(00)
Mensaje * / 01:00:39:564 / Root(00) para top(01)
Mensaje * / 01:00:39:564 / top(01) para ae(02)
Mensaje * / 01:00:39:564 / ae(02) para pv(04)
Mensaje Y / 01:00:39:564 / pv(04) / ivpn_out /      1.00000 para ae(02)
Mensaje D / 01:00:39:564 / pv(04) / ... para ae(02)
Mensaje X / 01:00:39:564 / ae(02) / ivpn_in /      1.00000 para pv(04)
Mensaje D / 01:00:39:564 / pv(04) / 00:00:02:365 para ae(02)
Mensaje D / 01:00:39:564 / ae(02) / 00:00:02:365 para top(01)
Mensaje D / 01:00:39:564 / top(01) / 00:00:02:365 para Root(00)
Mensaje * / 01:00:41:929 / Root(00) para top(01)
Mensaje * / 01:00:41:929 / top(01) para ae(02)
Mensaje * / 01:00:41:929 / ae(02) para pv(04)
Mensaje Y / 01:00:41:929 / pv(04) / ivpn_out /      1.00000 para ae(02)
Mensaje D / 01:00:41:929 / pv(04) / ... para ae(02)
Mensaje X / 01:00:41:929 / ae(02) / ivpn_in /      1.00000 para pv(04)
Mensaje D / 01:00:41:929 / pv(04) / 00:00:04:321 para ae(02)
Mensaje D / 01:00:41:929 / ae(02) / 00:00:04:321 para top(01)
Mensaje D / 01:00:41:929 / top(01) / 00:00:04:321 para Root(00)
Mensaje * / 01:00:46:250 / Root(00) para top(01)
Mensaje * / 01:00:46:250 / top(01) para ae(02)
Mensaje * / 01:00:46:250 / ae(02) para pv(04)
Mensaje Y / 01:00:46:250 / pv(04) / vpn_out /      1.00000 para ae(02)
Mensaje D / 01:00:46:250 / pv(04) / ... para ae(02)
Mensaje X / 01:00:46:250 / ae(02) / vpn_in /      1.00000 para bpm(03)
Mensaje D / 01:00:46:250 / bpm(03) / 00:00:05:699 para ae(02)
Mensaje D / 01:00:46:250 / ae(02) / 00:00:05:699 para top(01)
Mensaje D / 01:00:46:250 / top(01) / 00:00:05:699 para Root(00)
Mensaje X / 01:00:50:000 / Root(00) / login /      1.00000 para top(01)
Mensaje X / 01:00:50:000 / top(01) / login /      1.00000 para aam(06)
Mensaje D / 01:00:50:000 / aam(06) / ... para top(01)
Mensaje D / 01:00:50:000 / top(01) / 00:00:01:949 para Root(00)
Mensaje * / 01:00:51:949 / Root(00) para top(01)
Mensaje * / 01:00:51:949 / top(01) para ae(02)
Mensaje * / 01:00:51:949 / ae(02) para bpm(03)
Mensaje Y / 01:00:51:949 / bpm(03) / vba_out /   1662.00000 para ae(02)
Mensaje D / 01:00:51:949 / bpm(03) / ... para ae(02)
Mensaje Y / 01:00:51:949 / ae(02) / ba /   1662.00000 para top(01)
Mensaje D / 01:00:51:949 / ae(02) / ... para top(01)
Mensaje X / 01:00:51:949 / top(01) / vba_in /   1662.00000 para tpm(07)
Mensaje D / 01:00:51:949 / tpm(07) / 00:00:02:655 para top(01)
Mensaje D / 01:00:51:949 / top(01) / 00:00:02:655 para Root(00)
Mensaje * / 01:00:54:604 / Root(00) para top(01)
Mensaje * / 01:00:54:604 / top(01) para tpm(07)
Mensaje Y / 01:00:54:604 / tpm(07) / uab_out /   1338.00000 para top(01)
Mensaje Y / 01:00:54:604 / tpm(07) / logout /      1.00000 para top(01)
Mensaje D / 01:00:54:604 / tpm(07) / ... para top(01)
Mensaje Y / 01:00:54:604 / top(01) / ab /   1338.00000 para Root(00)
Mensaje X / 01:00:54:604 / top(01) / ian /      1.00000 para aam(06)
Mensaje D / 01:00:54:604 / aam(06) / 00:00:02:446 para top(01)
Mensaje D / 01:00:54:604 / top(01) / 00:00:02:446 para Root(00)
Mensaje * / 01:00:57:050 / Root(00) para top(01)
Mensaje * / 01:00:57:050 / top(01) para aam(06)
Mensaje Y / 01:00:57:050 / aam(06) / logout /      1.00000 para top(01)
Mensaje D / 01:00:57:050 / aam(06) / ... para top(01)
Mensaje Y / 01:00:57:050 / top(01) / logout /      1.00000 para Root(00)
Mensaje D / 01:00:57:050 / top(01) / ... para Root(00)
Mensaje X / 03:00:10:000 / Root(00) / login /      1.00000 para top(01)
Mensaje X / 03:00:10:000 / top(01) / login /      1.00000 para aam(06)
Mensaje D / 03:00:10:000 / aam(06) / 00:00:01:830 para top(01)
Mensaje D / 03:00:10:000 / top(01) / 00:00:01:830 para Root(00)
Mensaje * / 03:00:11:830 / Root(00) para top(01)
Mensaje * / 03:00:11:830 / top(01) para aam(06)
Mensaje Y / 03:00:11:830 / aam(06) / van / 478180.00000 para top(01)
Mensaje D / 03:00:11:830 / aam(06) / ... para top(01)
Mensaje X / 03:00:11:830 / top(01) / an / 478180.00000 para ae(02)
Mensaje X / 03:00:11:830 / ae(02) / accountnumber_in / 478180.00000 para anv(05)
Mensaje D / 03:00:11:830 / anv(05) / 00:00:02:801 para ae(02)
Mensaje D / 03:00:11:830 / ae(02) / 00:00:02:801 para top(01)
Mensaje D / 03:00:11:830 / top(01) / 00:00:02:801 para Root(00)
Mensaje * / 03:00:14:631 / Root(00) para top(01)
Mensaje * / 03:00:14:631 / top(01) para ae(02)
Mensaje * / 03:00:14:631 / ae(02) para anv(05)
Mensaje Y / 03:00:14:631 / anv(05) / validaccountnumber_out /      1.00000 para ae(02)
Mensaje D / 03:00:14:631 / anv(05) / ... para ae(02)
Mensaje X / 03:00:14:631 / ae(02) / van_in /      1.00000 para pv(04)
Mensaje D / 03:00:14:631 / pv(04) / 00:00:05:374 para ae(02)
Mensaje D / 03:00:14:631 / ae(02) / 00:00:05:374 para top(01)
Mensaje D / 03:00:14:631 / top(01) / 00:00:05:374 para Root(00)
Mensaje * / 03:00:20:005 / Root(00) para top(01)
Mensaje * / 03:00:20:005 / top(01) para ae(02)
Mensaje * / 03:00:20:005 / ae(02) para pv(04)
Mensaje Y / 03:00:20:005 / pv(04) / vpn_out /      1.00000 para ae(02)
Mensaje D / 03:00:20:005 / pv(04) / ... para ae(02)
Mensaje X / 03:00:20:005 / ae(02) / vpn_in /      1.00000 para bpm(03)
Mensaje D / 03:00:20:005 / bpm(03) / 00:00:00:110 para ae(02)
Mensaje D / 03:00:20:005 / ae(02) / 00:00:00:110 para top(01)
Mensaje D / 03:00:20:005 / top(01) / 00:00:00:110 para Root(00)
Mensaje * / 03:00:20:115 / Root(00) para top(01)
Mensaje * / 03:00:20:115 / top(01) para ae(02)
Mensaje * / 03:00:20:115 / ae(02) para bpm(03)
Mensaje Y / 03:00:20:115 / bpm(03) / vba_out /    358.00000 para ae(02)
Mensaje D / 03:00:20:115 / bpm(03) / ... para ae(02)
Mensaje Y / 03:00:20:115 / ae(02) / ba /    358.00000 para top(01)
Mensaje D / 03:00:20:115 / ae(02) / ... para top(01)
Mensaje X / 03:00:20:115 / top(01) / vba_in /    358.00000 para tpm(07)
Mensaje D / 03:00:20:115 / tpm(07) / 00:00:02:678 para top(01)
Mensaje D / 03:00:20:115 / top(01) / 00:00:02:678 para Root(00)
Mensaje * / 03:00:22:793 / Root(00) para top(01)
Mensaje * / 03:00:22:793 / top(01) para tpm(07)
Mensaje Y / 03:00:22:793 / tpm(07) / uab_out /    980.00000 para top(01)
Mensaje Y / 03:00:22:793 / tpm(07) / logout /      1.00000 para top(01)
Mensaje D / 03:00:22:793 / tpm(07) / ... para top(01)
Mensaje Y / 03:00:22:793 / top(01) / ab /    980.00000 para Root(00)
Mensaje X / 03:00:22:793 / top(01) / ian /      1.00000 para aam(06)
Mensaje D / 03:00:22:793 / aam(06) / 00:00:02:679 para top(01)
Mensaje D / 03:00:22:793 / top(01) / 00:00:02:679 para Root(00)
Mensaje * / 03:00:25:472 / Root(00) para top(01)
Mensaje * / 03:00:25:472 / top(01) para aam(06)
Mensaje Y / 03:00:25:472 / aam(06) / logout /      1.00000 para top(01)
Mensaje D / 03:00:25:472 / aam(06) / ... para top(01)
Mensaje Y / 03:00:25:472 / top(01) / logout /      1.00000 para Root(00)
Mensaje D / 03:00:25:472 / top(01) / ... para Root(00)
Mensaje X / 05:00:20:000 / Root(00) / login /      1.00000 para top(01)
Mensaje X / 05:00:20:000 / top(01) / login /      1.00000 para aam(06)
Mensaje D / 05:00:20:000 / aam(06) / 00:00:03:759 para top(01)
Mensaje D / 05:00:20:000 / top(01) / 00:00:03:759 para Root(00)
Mensaje * / 05:00:23:759 / Root(00) para top(01)
Mensaje * / 05:00:23:759 / top(01) para aam(06)
Mensaje Y / 05:00:23:759 / aam(06) / van / 167826.00000 para top(01)
Mensaje D / 05:00:23:759 / aam(06) / ... para top(01)
Mensaje X / 05:00:23:759 / top(01) / an / 167826.00000 para ae(02)
Mensaje X / 05:00:23:759 / ae(02) / accountnumber_in / 167826.00000 para anv(05)
Mensaje D / 05:00:23:759 / anv(05) / 00:00:04:168 para ae(02)
Mensaje D / 05:00:23:759 / ae(02) / 00:00:04:168 para top(01)
Mensaje D / 05:00:23:759 / top(01) / 00:00:04:168 para Root(00)
Mensaje * / 05:00:27:927 / Root(00) para top(01)
Mensaje * / 05:00:27:927 / top(01) para ae(02)
Mensaje * / 05:00:27:927 / ae(02) para anv(05)
Mensaje Y / 05:00:27:927 / anv(05) / logout_out /      1.00000 para ae(02)
Mensaje D / 05:00:27:927 / anv(05) / ... para ae(02)
Mensaje Y / 05:00:27:927 / ae(02) / logout /      1.00000 para top(01)
Mensaje D / 05:00:27:927 / ae(02) / ... para top(01)
Mensaje X / 05:00:27:927 / top(01) / ian /      1.00000 para aam(06)
Mensaje D / 05:00:27:927 / aam(06) / 00:00:01:533 para top(01)
Mensaje D / 05:00:27:927 / top(01) / 00:00:01:533 para Root(00)
Mensaje * / 05:00:29:460 / Root(00) para top(01)
Mensaje * / 05:00:29:460 / top(01) para aam(06)
Mensaje Y / 05:00:29:460 / aam(06) / logout /      1.00000 para top(01)
Mensaje D / 05:00:29:460 / aam(06) / ... para top(01)
Mensaje Y / 05:00:29:460 / top(01) / logout /      1.00000 para Root(00)
Mensaje D / 05:00:29:460 / top(01) / ... para Root(00)
